<?xml version="1.0" encoding="UTF-8"?>
<testng-results skipped="0" failed="0" ignored="0" total="0" passed="0">
  <reporter-output>
  </reporter-output>
  <suite name="ChampionTest" duration-ms="10" started-at="2019-04-15T17:02:40 KST" finished-at="2019-04-15T17:02:40 KST">
    <groups>
    </groups>
    <test name="Command line test" duration-ms="10" started-at="2019-04-15T17:02:40 KST" finished-at="2019-04-15T17:02:40 KST">
    </test> <!-- Command line test -->
  </suite> <!-- ChampionTest -->
</testng-results>
